{"contracts/TokenSwap.sol":{"l":{"57":24,"58":24,"59":24,"69":7,"72":6,"73":6,"75":6,"85":2,"86":2,"92":1,"94":1,"102":2,"107":1,"109":1},"path":"/home/sameep/projects/uniswap/token-swap/contracts/TokenSwap.sol","s":{"1":24,"2":24,"3":24,"4":7,"5":6,"6":6,"7":6,"8":2,"9":2,"10":1,"11":1,"12":2,"13":1,"14":1},"b":{"1":[2,0],"2":[1,1],"3":[1,1]},"f":{"1":24,"2":7,"3":2,"4":2},"fnMap":{"1":{"name":"constructor","line":52,"loc":{"start":{"line":52,"column":4},"end":{"line":60,"column":4}}},"2":{"name":"quickToQuickX","line":67,"loc":{"start":{"line":67,"column":4},"end":{"line":76,"column":4}}},"3":{"name":"withdrawTokens","line":84,"loc":{"start":{"line":84,"column":4},"end":{"line":95,"column":4}}},"4":{"name":"setWithdrawTimeout","line":101,"loc":{"start":{"line":101,"column":4},"end":{"line":110,"column":4}}}},"statementMap":{"1":{"start":{"line":57,"column":8},"end":{"line":57,"column":21}},"2":{"start":{"line":58,"column":8},"end":{"line":58,"column":23}},"3":{"start":{"line":59,"column":8},"end":{"line":59,"column":48}},"4":{"start":{"line":69,"column":8},"end":{"line":69,"column":60}},"5":{"start":{"line":72,"column":8},"end":{"line":72,"column":64}},"6":{"start":{"line":73,"column":8},"end":{"line":73,"column":52}},"7":{"start":{"line":75,"column":8},"end":{"line":75,"column":65}},"8":{"start":{"line":85,"column":8},"end":{"line":85,"column":3177}},"9":{"start":{"line":86,"column":12},"end":{"line":86,"column":3231}},"10":{"start":{"line":92,"column":8},"end":{"line":92,"column":57}},"11":{"start":{"line":94,"column":8},"end":{"line":94,"column":49}},"12":{"start":{"line":102,"column":8},"end":{"line":102,"column":3736}},"13":{"start":{"line":107,"column":8},"end":{"line":107,"column":43}},"14":{"start":{"line":109,"column":8},"end":{"line":109,"column":51}}},"branchMap":{"1":{"line":85,"type":"if","locations":[{"start":{"line":85,"column":8},"end":{"line":85,"column":8}},{"start":{"line":85,"column":8},"end":{"line":85,"column":8}}]},"2":{"line":86,"type":"if","locations":[{"start":{"line":86,"column":12},"end":{"line":86,"column":12}},{"start":{"line":86,"column":12},"end":{"line":86,"column":12}}]},"3":{"line":102,"type":"if","locations":[{"start":{"line":102,"column":8},"end":{"line":102,"column":8}},{"start":{"line":102,"column":8},"end":{"line":102,"column":8}}]}}}}